[0m06:39:43.829606 [debug] [MainThread]: Sending event: {'category': 'dbt', 'action': 'invocation', 'label': 'start', 'context': [<snowplow_tracker.self_describing_json.SelfDescribingJson object at 0x119898500>, <snowplow_tracker.self_describing_json.SelfDescribingJson object at 0x118c9d730>, <snowplow_tracker.self_describing_json.SelfDescribingJson object at 0x118c9f4a0>]}


============================== 06:39:43.852539 | 94a6b115-32fb-42be-ac31-299aad715b04 ==============================
[0m06:39:43.852539 [info ] [MainThread]: Running with dbt=1.10.13
[0m06:39:43.852913 [debug] [MainThread]: running dbt with arguments {'use_experimental_parser': 'False', 'quiet': 'False', 'version_check': 'True', 'write_json': 'True', 'log_path': 'logs', 'warn_error': 'None', 'empty': 'None', 'partial_parse': 'True', 'printer_width': '80', 'fail_fast': 'False', 'log_cache_events': 'False', 'log_format': 'default', 'cache_selected_only': 'False', 'indirect_selection': 'eager', 'no_print': 'None', 'debug': 'False', 'profiles_dir': '/Users/graxel/.dbt', 'invocation_command': 'dbt init', 'static_parser': 'True', 'introspect': 'True', 'target_path': 'None', 'send_anonymous_usage_stats': 'True', 'warn_error_options': 'WarnErrorOptionsV2(error=[], warn=[], silence=[])', 'use_colors': 'True'}
[0m06:54:11.701018 [debug] [MainThread]: Starter project path: /Users/graxel/repos/dbt_tut/.venv/lib/python3.12/site-packages/dbt/include/starter_project
[0m06:54:11.707878 [info ] [MainThread]: 
Your new dbt project "dbt_proj" was created!

For more information on how to configure the profiles.yml file,
please consult the dbt documentation here:

  https://docs.getdbt.com/docs/configure-your-profile

One more thing:

Need help? Don't hesitate to reach out to us via GitHub issues or on Slack:

  https://community.getdbt.com/

Happy modeling!

[0m06:54:11.708274 [info ] [MainThread]: Setting up your profile.
[0m06:54:18.217105 [debug] [MainThread]: Spark adapter: Setting pyhive.hive logging to ERROR
[0m06:54:18.217588 [debug] [MainThread]: Spark adapter: Setting thrift.transport logging to ERROR
[0m06:54:18.217764 [debug] [MainThread]: Spark adapter: Setting thrift.protocol logging to ERROR
[0m06:56:58.065415 [info ] [MainThread]: Profile dbt_proj written to /Users/graxel/.dbt/profiles.yml using target's profile_template.yml and your supplied values. Run 'dbt debug' to validate the connection.
[0m06:56:58.121350 [debug] [MainThread]: Resource report: {"command_name": "init", "command_success": true, "command_wall_clock_time": 1034.3136, "process_in_blocks": "0", "process_kernel_time": 0.606492, "process_mem_max_rss": "291766272", "process_out_blocks": "0", "process_user_time": 2.856694}
[0m06:56:58.123549 [debug] [MainThread]: Command `dbt init` succeeded at 06:56:58.123373 after 1034.32 seconds
[0m06:56:58.124659 [debug] [MainThread]: Sending event: {'category': 'dbt', 'action': 'invocation', 'label': 'end', 'context': [<snowplow_tracker.self_describing_json.SelfDescribingJson object at 0x1189557c0>, <snowplow_tracker.self_describing_json.SelfDescribingJson object at 0x12db83200>, <snowplow_tracker.self_describing_json.SelfDescribingJson object at 0x129f87b60>]}
[0m06:56:58.125329 [debug] [MainThread]: Flushing usage events
[0m06:56:59.252723 [debug] [MainThread]: An error was encountered while trying to flush usage events
[0m06:57:14.727660 [debug] [MainThread]: Sending event: {'category': 'dbt', 'action': 'invocation', 'label': 'start', 'context': [<snowplow_tracker.self_describing_json.SelfDescribingJson object at 0x104ae6ea0>, <snowplow_tracker.self_describing_json.SelfDescribingJson object at 0x1075e2ae0>, <snowplow_tracker.self_describing_json.SelfDescribingJson object at 0x105d11a30>]}


============================== 06:57:14.731206 | b98380b0-7d21-4c5c-b6b9-4da50dc2a6c7 ==============================
[0m06:57:14.731206 [info ] [MainThread]: Running with dbt=1.10.13
[0m06:57:14.731570 [debug] [MainThread]: running dbt with arguments {'partial_parse': 'True', 'invocation_command': 'dbt debug', 'target_path': 'None', 'log_path': 'logs', 'version_check': 'True', 'quiet': 'False', 'use_colors': 'True', 'static_parser': 'True', 'no_print': 'None', 'log_cache_events': 'False', 'use_experimental_parser': 'False', 'send_anonymous_usage_stats': 'True', 'warn_error_options': 'WarnErrorOptionsV2(error=[], warn=[], silence=[])', 'write_json': 'True', 'fail_fast': 'False', 'cache_selected_only': 'False', 'printer_width': '80', 'warn_error': 'None', 'indirect_selection': 'eager', 'empty': 'None', 'introspect': 'True', 'debug': 'False', 'profiles_dir': '/Users/graxel/.dbt', 'log_format': 'default'}
[0m06:57:14.744140 [info ] [MainThread]: dbt version: 1.10.13
[0m06:57:14.744401 [info ] [MainThread]: python version: 3.12.10
[0m06:57:14.744558 [info ] [MainThread]: python path: /Users/graxel/repos/dbt_tut/.venv/bin/python
[0m06:57:14.744701 [info ] [MainThread]: os info: macOS-15.5-arm64-arm-64bit
[0m06:57:15.195104 [debug] [MainThread]: Spark adapter: Setting pyhive.hive logging to ERROR
[0m06:57:15.195406 [debug] [MainThread]: Spark adapter: Setting thrift.transport logging to ERROR
[0m06:57:15.195577 [debug] [MainThread]: Spark adapter: Setting thrift.protocol logging to ERROR
[0m06:57:15.814308 [info ] [MainThread]: Error importing adapter: No module named 'dbt.adapters.postgres'
[0m06:57:15.814712 [info ] [MainThread]: Using profiles dir at /Users/graxel/.dbt
[0m06:57:15.814895 [info ] [MainThread]: Using profiles.yml file at /Users/graxel/.dbt/profiles.yml
[0m06:57:15.815047 [info ] [MainThread]: Using dbt_project.yml file at /Users/graxel/repos/dbt_tut/dbt_project.yml
[0m06:57:15.815334 [info ] [MainThread]: Configuration:
[0m06:57:15.815552 [info ] [MainThread]:   profiles.yml file [[31mERROR invalid[0m]
[0m06:57:15.815708 [info ] [MainThread]:   dbt_project.yml file [[31mERROR not found[0m]
[0m06:57:15.815846 [info ] [MainThread]: Required dependencies:
[0m06:57:15.816035 [debug] [MainThread]: Executing "git --help"
[0m06:57:15.831672 [debug] [MainThread]: STDOUT: "b"usage: git [-v | --version] [-h | --help] [-C <path>] [-c <name>=<value>]\n           [--exec-path[=<path>]] [--html-path] [--man-path] [--info-path]\n           [-p | --paginate | -P | --no-pager] [--no-replace-objects] [--bare]\n           [--git-dir=<path>] [--work-tree=<path>] [--namespace=<name>]\n           [--super-prefix=<path>] [--config-env=<name>=<envvar>]\n           <command> [<args>]\n\nThese are common Git commands used in various situations:\n\nstart a working area (see also: git help tutorial)\n   clone     Clone a repository into a new directory\n   init      Create an empty Git repository or reinitialize an existing one\n\nwork on the current change (see also: git help everyday)\n   add       Add file contents to the index\n   mv        Move or rename a file, a directory, or a symlink\n   restore   Restore working tree files\n   rm        Remove files from the working tree and from the index\n\nexamine the history and state (see also: git help revisions)\n   bisect    Use binary search to find the commit that introduced a bug\n   diff      Show changes between commits, commit and working tree, etc\n   grep      Print lines matching a pattern\n   log       Show commit logs\n   show      Show various types of objects\n   status    Show the working tree status\n\ngrow, mark and tweak your common history\n   branch    List, create, or delete branches\n   commit    Record changes to the repository\n   merge     Join two or more development histories together\n   rebase    Reapply commits on top of another base tip\n   reset     Reset current HEAD to the specified state\n   switch    Switch branches\n   tag       Create, list, delete or verify a tag object signed with GPG\n\ncollaborate (see also: git help workflows)\n   fetch     Download objects and refs from another repository\n   pull      Fetch from and integrate with another repository or a local branch\n   push      Update remote refs along with associated objects\n\n'git help -a' and 'git help -g' list available subcommands and some\nconcept guides. See 'git help <command>' or 'git help <concept>'\nto read about a specific subcommand or concept.\nSee 'git help git' for an overview of the system.\n""
[0m06:57:15.832415 [debug] [MainThread]: STDERR: "b''"
[0m06:57:15.832658 [info ] [MainThread]:  - git [[32mOK found[0m]

[0m06:57:15.832858 [info ] [MainThread]: Connection test skipped since no profile was found
[0m06:57:15.833137 [info ] [MainThread]: [31m2 checks failed:[0m
[0m06:57:15.833396 [info ] [MainThread]: Could not load dbt_project.yml
Profile loading failed for the following reason:
Runtime Error
  Credentials in profile "greenhouse_monitor", target "dev" invalid: Runtime Error
    Could not find adapter type postgres!


[0m06:57:15.833714 [info ] [MainThread]: Project loading failed for the following reason:
 project path </Users/graxel/repos/dbt_tut/dbt_project.yml> not found

[0m06:57:15.839311 [debug] [MainThread]: Resource report: {"command_name": "debug", "command_success": false, "command_wall_clock_time": 1.1531506, "process_in_blocks": "0", "process_kernel_time": 0.260386, "process_mem_max_rss": "216563712", "process_out_blocks": "0", "process_user_time": 1.422444}
[0m06:57:15.840256 [debug] [MainThread]: Command `dbt debug` failed at 06:57:15.840166 after 1.15 seconds
[0m06:57:15.840631 [debug] [MainThread]: Sending event: {'category': 'dbt', 'action': 'invocation', 'label': 'end', 'context': [<snowplow_tracker.self_describing_json.SelfDescribingJson object at 0x10fb279b0>, <snowplow_tracker.self_describing_json.SelfDescribingJson object at 0x10e555c70>, <snowplow_tracker.self_describing_json.SelfDescribingJson object at 0x10f791ac0>]}
[0m06:57:15.840908 [debug] [MainThread]: Flushing usage events
[0m06:57:16.960699 [debug] [MainThread]: An error was encountered while trying to flush usage events
